Using pre-set license
Built from '2020.2/release' branch; Version is '2020.2.2f1 (068178b99f32) revision 426360'; Using compiler version '192528614'; Build Type 'Release'
OS: 'Windows 10 Home; OS build 18362.959; Version 1903; 64bit' Language: 'en' Physical Memory: 16262 MB
BatchMode: 1, IsHumanControllingUs: 0, StartBugReporterOnCrash: 0, Is64bit: 1, IsPro: 0

 COMMAND LINE ARGUMENTS:
C:\Program Files\Unity\Hub\Editor\2020.2.2f1\Editor\Unity.exe
-adb2
-batchMode
-noUpm
-name
AssetImportWorker0
-projectPath
C:/code/OnDemandRenderingDemo/OnDemandRenderingDemo
-logFile
Logs/AssetImportWorker0.log
-srvPort
61353
Successfully changed project path to: C:/code/OnDemandRenderingDemo/OnDemandRenderingDemo
C:/code/OnDemandRenderingDemo/OnDemandRenderingDemo
Using Asset Import Pipeline V2.
Refreshing native plugins compatible for Editor in 19.84 ms, found 0 plugins.
Preloading 0 native plugins for Editor in 0.00 ms.
Initialize engine version: 2020.2.2f1 (068178b99f32)
[Subsystems] Discovering subsystems at path C:/Program Files/Unity/Hub/Editor/2020.2.2f1/Editor/Data/Resources/UnitySubsystems
[Subsystems] Discovering subsystems at path C:/code/OnDemandRenderingDemo/OnDemandRenderingDemo/Assets
GfxDevice: creating device client; threaded=0
Direct3D:
    Version:  Direct3D 11.0 [level 11.1]
    Renderer: NVIDIA GeForce GTX 1060 (ID=0x1c20)
    Vendor:   
    VRAM:     6052 MB
    Driver:   27.21.14.6109
Initialize mono
Mono path[0] = 'C:/Program Files/Unity/Hub/Editor/2020.2.2f1/Editor/Data/Managed'
Mono path[1] = 'C:/Program Files/Unity/Hub/Editor/2020.2.2f1/Editor/Data/MonoBleedingEdge/lib/mono/unityjit'
Mono config path = 'C:/Program Files/Unity/Hub/Editor/2020.2.2f1/Editor/Data/MonoBleedingEdge/etc'
Using monoOptions --debugger-agent=transport=dt_socket,embedding=1,server=y,suspend=n,address=127.0.0.1:56068
Begin MonoManager ReloadAssembly
Registering precompiled unity dll's ...
Register platform support module: C:/Program Files/Unity/Hub/Editor/2020.2.2f1/Editor/Data/PlaybackEngines/WebGLSupport/UnityEditor.WebGL.Extensions.dll
Register platform support module: C:/Program Files/Unity/Hub/Editor/2020.2.2f1/Editor/Data/PlaybackEngines/WindowsStandaloneSupport/UnityEditor.WindowsStandalone.Extensions.dll
Registered in 0.002169 seconds.
Native extension for WindowsStandalone target not found
Native extension for WebGL target not found
Refreshing native plugins compatible for Editor in 19.02 ms, found 0 plugins.
Preloading 0 native plugins for Editor in 0.00 ms.
Invoked RoslynAnalysisRunner static constructor.
RoslynAnalysisRunner will not be running.
RoslynAnalysisRunner has terminated.
Mono: successfully reloaded assembly
- Completed reload, in  1.113 seconds
Platform modules already initialized, skipping
Registering precompiled user dll's ...
Registered in 0.000634 seconds.
Begin MonoManager ReloadAssembly
Native extension for WindowsStandalone target not found
Native extension for WebGL target not found
Refreshing native plugins compatible for Editor in 0.16 ms, found 0 plugins.
Preloading 0 native plugins for Editor in 0.00 ms.
Invoked RoslynAnalysisRunner static constructor.
RoslynAnalysisRunner will not be running.
RoslynAnalysisRunner has terminated.
Mono: successfully reloaded assembly
- Completed reload, in  0.761 seconds
Platform modules already initialized, skipping
========================================================================
Worker process is ready to serve import requests
Launched and connected shader compiler UnityShaderCompiler.exe after 0.04 seconds
Refreshing native plugins compatible for Editor in 0.20 ms, found 0 plugins.
Preloading 0 native plugins for Editor in 0.00 ms.
Unloading 742 Unused Serialized files (Serialized files now loaded: 0)
System memory in use before: 46.5 MB.
System memory in use after: 46.5 MB.

Unloading 14 unused Assets to reduce memory usage. Loaded Objects now: 1185.
Total: 1.470900 ms (FindLiveObjects: 0.098400 ms CreateObjectMapping: 0.024700 ms MarkObjects: 1.272200 ms  DeleteObjects: 0.074600 ms)

========================================================================
Received Import Request.
  path: Assets/Scenes
  artifactKey: Guid(e1f8000e963d9e547b89786f8aeb0529) Importer(815301076,1909f56bfc062723c751e8b465ee728b)
Start importing Assets/Scenes using Guid(e1f8000e963d9e547b89786f8aeb0529) Importer(815301076,1909f56bfc062723c751e8b465ee728b)  -> (artifact id: '8afaec4e9100fa9ff7bc38e7b2fdc405') in 0.007461 seconds
  Import took 0.009404 seconds .

========================================================================
Received Import Request.
  Time since last request: 0.000325 seconds.
  path: Assets/Scenes/SampleScene.unity
  artifactKey: Guid(2cda990e2423bbf4892e6590ba056729) Importer(815301076,1909f56bfc062723c751e8b465ee728b)
Start importing Assets/Scenes/SampleScene.unity using Guid(2cda990e2423bbf4892e6590ba056729) Importer(815301076,1909f56bfc062723c751e8b465ee728b)  -> (artifact id: '694ca9c96bcf791ec7b87cc957ec53a1') in 0.012601 seconds
  Import took 0.014492 seconds .

========================================================================
Received Import Request.
  Time since last request: 3.730766 seconds.
  path: Assets/Scenes/MainScene.unity
  artifactKey: Guid(2cda990e2423bbf4892e6590ba056729) Importer(815301076,1909f56bfc062723c751e8b465ee728b)
Start importing Assets/Scenes/MainScene.unity using Guid(2cda990e2423bbf4892e6590ba056729) Importer(815301076,1909f56bfc062723c751e8b465ee728b)  -> (artifact id: '3bc03dcf6ab3d44f97b0dbdfe29a5ca9') in 0.007786 seconds
  Import took 0.009725 seconds .

========================================================================
Received Import Request.
  Time since last request: 1.836156 seconds.
  path: Assets
  artifactKey: Guid(00000000000000001000000000000000) Importer(815301076,1909f56bfc062723c751e8b465ee728b)
Start importing Assets using Guid(00000000000000001000000000000000) Importer(815301076,1909f56bfc062723c751e8b465ee728b)  -> (artifact id: '4a6e520b92ccfc61bcfa21a7bcab8468') in 0.006137 seconds
  Import took 0.007418 seconds .

========================================================================
Received Import Request.
  Time since last request: 4.087635 seconds.
  path: Assets/Scripts
  artifactKey: Guid(8ff8b851580229142984abb1e6c26cff) Importer(815301076,1909f56bfc062723c751e8b465ee728b)
Start importing Assets/Scripts using Guid(8ff8b851580229142984abb1e6c26cff) Importer(815301076,1909f56bfc062723c751e8b465ee728b)  -> (artifact id: '9facd2002e98f7a99e959a2b75d395cb') in 0.006845 seconds
  Import took 0.008751 seconds .

========================================================================
Received Prepare
Registering precompiled user dll's ...
Registered in 0.000596 seconds.
Begin MonoManager ReloadAssembly
Native extension for WindowsStandalone target not found
Native extension for WebGL target not found
Refreshing native plugins compatible for Editor in 0.13 ms, found 0 plugins.
Preloading 0 native plugins for Editor in 0.00 ms.
Invoked RoslynAnalysisRunner static constructor.
RoslynAnalysisRunner will not be running.
RoslynAnalysisRunner has terminated.
Mono: successfully reloaded assembly
- Completed reload, in  0.742 seconds
Platform modules already initialized, skipping
Refreshing native plugins compatible for Editor in 0.14 ms, found 0 plugins.
Preloading 0 native plugins for Editor in 0.00 ms.
Unloading 738 Unused Serialized files (Serialized files now loaded: 0)
System memory in use before: 46.5 MB.
System memory in use after: 46.6 MB.

Unloading 5 unused Assets to reduce memory usage. Loaded Objects now: 1188.
Total: 2.094300 ms (FindLiveObjects: 0.093000 ms CreateObjectMapping: 0.020100 ms MarkObjects: 1.826900 ms  DeleteObjects: 0.152200 ms)

========================================================================
Received Import Request.
  Time since last request: 213.502944 seconds.
  path: Assets/Scripts/Singleton.cs
  artifactKey: Guid(8698686e6ebb9c14789f87faa631db2d) Importer(815301076,1909f56bfc062723c751e8b465ee728b)
Start importing Assets/Scripts/Singleton.cs using Guid(8698686e6ebb9c14789f87faa631db2d) Importer(815301076,1909f56bfc062723c751e8b465ee728b)  -> (artifact id: '645cd913899e303c70bc9e35799174ba') in 0.031085 seconds
  Import took 0.033089 seconds .

========================================================================
Received Import Request.
  Time since last request: 0.001998 seconds.
  path: Assets/Scripts/Singleton.cs
  artifactKey: Guid(8698686e6ebb9c14789f87faa631db2d) Importer(815301076,1909f56bfc062723c751e8b465ee728b)
Start importing Assets/Scripts/Singleton.cs using Guid(8698686e6ebb9c14789f87faa631db2d) Importer(815301076,1909f56bfc062723c751e8b465ee728b)  -> (artifact id: '645cd913899e303c70bc9e35799174ba') in 0.002564 seconds
  Import took 0.003766 seconds .

========================================================================
Received Prepare
Registering precompiled user dll's ...
Registered in 0.000608 seconds.
Begin MonoManager ReloadAssembly
Native extension for WindowsStandalone target not found
Native extension for WebGL target not found
Refreshing native plugins compatible for Editor in 0.13 ms, found 0 plugins.
Preloading 0 native plugins for Editor in 0.00 ms.
Invoked RoslynAnalysisRunner static constructor.
RoslynAnalysisRunner will not be running.
RoslynAnalysisRunner has terminated.
Mono: successfully reloaded assembly
- Completed reload, in  0.711 seconds
Platform modules already initialized, skipping
Refreshing native plugins compatible for Editor in 0.13 ms, found 0 plugins.
Preloading 0 native plugins for Editor in 0.00 ms.
Unloading 739 Unused Serialized files (Serialized files now loaded: 0)
System memory in use before: 46.6 MB.
System memory in use after: 46.6 MB.

Unloading 5 unused Assets to reduce memory usage. Loaded Objects now: 1191.
Total: 1.466000 ms (FindLiveObjects: 0.095500 ms CreateObjectMapping: 0.022700 ms MarkObjects: 1.308200 ms  DeleteObjects: 0.038400 ms)

========================================================================
Received Prepare
Registering precompiled user dll's ...
Registered in 0.000591 seconds.
Begin MonoManager ReloadAssembly
Native extension for WindowsStandalone target not found
Native extension for WebGL target not found
Refreshing native plugins compatible for Editor in 0.14 ms, found 0 plugins.
Preloading 0 native plugins for Editor in 0.00 ms.
Invoked RoslynAnalysisRunner static constructor.
RoslynAnalysisRunner will not be running.
RoslynAnalysisRunner has terminated.
Mono: successfully reloaded assembly
- Completed reload, in  0.718 seconds
Platform modules already initialized, skipping
Refreshing native plugins compatible for Editor in 0.13 ms, found 0 plugins.
Preloading 0 native plugins for Editor in 0.00 ms.
Unloading 739 Unused Serialized files (Serialized files now loaded: 0)
System memory in use before: 46.7 MB.
System memory in use after: 46.7 MB.

Unloading 5 unused Assets to reduce memory usage. Loaded Objects now: 1193.
Total: 1.325200 ms (FindLiveObjects: 0.097600 ms CreateObjectMapping: 0.018000 ms MarkObjects: 1.169700 ms  DeleteObjects: 0.039000 ms)

========================================================================
Received Import Request.
  Time since last request: 141.177419 seconds.
  path: Assets/Scripts/ViewManager.cs
  artifactKey: Guid(b50d4d7ac5aa1d24c9bd857b4d726404) Importer(815301076,1909f56bfc062723c751e8b465ee728b)
Start importing Assets/Scripts/ViewManager.cs using Guid(b50d4d7ac5aa1d24c9bd857b4d726404) Importer(815301076,1909f56bfc062723c751e8b465ee728b)  -> (artifact id: '60d6af8eba0a1be257b740aa570fa30b') in 0.009858 seconds
  Import took 0.012061 seconds .

========================================================================
Received Prepare
Registering precompiled user dll's ...
Registered in 0.000670 seconds.
Begin MonoManager ReloadAssembly
Native extension for WindowsStandalone target not found
Native extension for WebGL target not found
Refreshing native plugins compatible for Editor in 0.15 ms, found 0 plugins.
Preloading 0 native plugins for Editor in 0.00 ms.
Invoked RoslynAnalysisRunner static constructor.
RoslynAnalysisRunner will not be running.
RoslynAnalysisRunner has terminated.
Mono: successfully reloaded assembly
- Completed reload, in  0.747 seconds
Platform modules already initialized, skipping
Refreshing native plugins compatible for Editor in 0.13 ms, found 0 plugins.
Preloading 0 native plugins for Editor in 0.00 ms.
Unloading 740 Unused Serialized files (Serialized files now loaded: 0)
System memory in use before: 46.8 MB.
System memory in use after: 46.8 MB.

Unloading 5 unused Assets to reduce memory usage. Loaded Objects now: 1196.
Total: 1.418000 ms (FindLiveObjects: 0.082900 ms CreateObjectMapping: 0.019900 ms MarkObjects: 1.277400 ms  DeleteObjects: 0.037000 ms)

========================================================================
Received Prepare
Registering precompiled user dll's ...
Registered in 0.000712 seconds.
Begin MonoManager ReloadAssembly
Native extension for WindowsStandalone target not found
Native extension for WebGL target not found
Refreshing native plugins compatible for Editor in 0.14 ms, found 0 plugins.
Preloading 0 native plugins for Editor in 0.00 ms.
Invoked RoslynAnalysisRunner static constructor.
RoslynAnalysisRunner will not be running.
RoslynAnalysisRunner has terminated.
Mono: successfully reloaded assembly
- Completed reload, in  0.723 seconds
Platform modules already initialized, skipping
Refreshing native plugins compatible for Editor in 0.13 ms, found 0 plugins.
Preloading 0 native plugins for Editor in 0.00 ms.
Unloading 739 Unused Serialized files (Serialized files now loaded: 0)
System memory in use before: 46.8 MB.
System memory in use after: 46.8 MB.

Unloading 6 unused Assets to reduce memory usage. Loaded Objects now: 1197.
Total: 1.568700 ms (FindLiveObjects: 0.095500 ms CreateObjectMapping: 0.020000 ms MarkObjects: 1.409600 ms  DeleteObjects: 0.042600 ms)

========================================================================
Received Import Request.
  Time since last request: 17.074959 seconds.
  path: Assets/Scripts/DemoManager.cs
  artifactKey: Guid(b979ee0e61a13054fab788f699e31668) Importer(815301076,1909f56bfc062723c751e8b465ee728b)
Start importing Assets/Scripts/DemoManager.cs using Guid(b979ee0e61a13054fab788f699e31668) Importer(815301076,1909f56bfc062723c751e8b465ee728b)  -> (artifact id: '8645e8e785da8440760da96f391783ce') in 0.008820 seconds
  Import took 0.010917 seconds .

========================================================================
Received Prepare
Registering precompiled user dll's ...
Registered in 0.000596 seconds.
Begin MonoManager ReloadAssembly
Native extension for WindowsStandalone target not found
Native extension for WebGL target not found
Refreshing native plugins compatible for Editor in 0.16 ms, found 0 plugins.
Preloading 0 native plugins for Editor in 0.00 ms.
Invoked RoslynAnalysisRunner static constructor.
RoslynAnalysisRunner will not be running.
RoslynAnalysisRunner has terminated.
Mono: successfully reloaded assembly
- Completed reload, in  0.736 seconds
Platform modules already initialized, skipping
Refreshing native plugins compatible for Editor in 0.13 ms, found 0 plugins.
Preloading 0 native plugins for Editor in 0.00 ms.
Unloading 740 Unused Serialized files (Serialized files now loaded: 0)
System memory in use before: 46.9 MB.
System memory in use after: 46.9 MB.

Unloading 5 unused Assets to reduce memory usage. Loaded Objects now: 1200.
Total: 1.326800 ms (FindLiveObjects: 0.088600 ms CreateObjectMapping: 0.021200 ms MarkObjects: 1.176800 ms  DeleteObjects: 0.039200 ms)

========================================================================
Received Prepare
Registering precompiled user dll's ...
Registered in 0.000587 seconds.
Begin MonoManager ReloadAssembly
Native extension for WindowsStandalone target not found
Native extension for WebGL target not found
Refreshing native plugins compatible for Editor in 0.16 ms, found 0 plugins.
Preloading 0 native plugins for Editor in 0.00 ms.
Invoked RoslynAnalysisRunner static constructor.
RoslynAnalysisRunner will not be running.
RoslynAnalysisRunner has terminated.
Mono: successfully reloaded assembly
- Completed reload, in  0.809 seconds
Platform modules already initialized, skipping
Refreshing native plugins compatible for Editor in 0.14 ms, found 0 plugins.
Preloading 0 native plugins for Editor in 0.00 ms.
Unloading 742 Unused Serialized files (Serialized files now loaded: 0)
System memory in use before: 47.0 MB.
System memory in use after: 47.1 MB.

Unloading 5 unused Assets to reduce memory usage. Loaded Objects now: 1204.
Total: 1.458500 ms (FindLiveObjects: 0.088800 ms CreateObjectMapping: 0.020200 ms MarkObjects: 1.303600 ms  DeleteObjects: 0.044600 ms)

========================================================================
Received Import Request.
  Time since last request: 233.144946 seconds.
  path: Assets/Scripts/FrameRateManager.cs
  artifactKey: Guid(35dc5ae42be28ae4da61ab78f373f1c0) Importer(815301076,1909f56bfc062723c751e8b465ee728b)
Start importing Assets/Scripts/FrameRateManager.cs using Guid(35dc5ae42be28ae4da61ab78f373f1c0) Importer(815301076,1909f56bfc062723c751e8b465ee728b)  -> (artifact id: '45323074281942bee4f83c67b9685728') in 0.008226 seconds
  Import took 0.009501 seconds .

========================================================================
Received Prepare
Registering precompiled user dll's ...
Registered in 0.002196 seconds.
Begin MonoManager ReloadAssembly
Native extension for WindowsStandalone target not found
Native extension for WebGL target not found
Refreshing native plugins compatible for Editor in 0.14 ms, found 0 plugins.
Preloading 0 native plugins for Editor in 0.00 ms.
Invoked RoslynAnalysisRunner static constructor.
RoslynAnalysisRunner will not be running.
RoslynAnalysisRunner has terminated.
Mono: successfully reloaded assembly
- Completed reload, in  0.721 seconds
Platform modules already initialized, skipping
Refreshing native plugins compatible for Editor in 0.13 ms, found 0 plugins.
Preloading 0 native plugins for Editor in 0.00 ms.
Unloading 742 Unused Serialized files (Serialized files now loaded: 0)
System memory in use before: 47.1 MB.
System memory in use after: 47.1 MB.

Unloading 5 unused Assets to reduce memory usage. Loaded Objects now: 1206.
Total: 1.599900 ms (FindLiveObjects: 0.125800 ms CreateObjectMapping: 0.030800 ms MarkObjects: 1.399900 ms  DeleteObjects: 0.042400 ms)

========================================================================
Received Prepare
Registering precompiled user dll's ...
Registered in 0.000589 seconds.
Begin MonoManager ReloadAssembly
Native extension for WindowsStandalone target not found
Native extension for WebGL target not found
Refreshing native plugins compatible for Editor in 0.24 ms, found 0 plugins.
Preloading 0 native plugins for Editor in 0.00 ms.
Invoked RoslynAnalysisRunner static constructor.
RoslynAnalysisRunner will not be running.
RoslynAnalysisRunner has terminated.
Mono: successfully reloaded assembly
- Completed reload, in  0.895 seconds
Platform modules already initialized, skipping
Refreshing native plugins compatible for Editor in 0.16 ms, found 0 plugins.
Preloading 0 native plugins for Editor in 0.00 ms.
Unloading 755 Unused Serialized files (Serialized files now loaded: 0)
System memory in use before: 48.8 MB.
System memory in use after: 48.2 MB.

Unloading 18 unused Assets to reduce memory usage. Loaded Objects now: 1208.
Total: 2.488500 ms (FindLiveObjects: 0.115800 ms CreateObjectMapping: 0.023200 ms MarkObjects: 1.938800 ms  DeleteObjects: 0.409000 ms)

========================================================================
Received Prepare
Refreshing native plugins compatible for Editor in 0.73 ms, found 0 plugins.
Preloading 0 native plugins for Editor in 0.00 ms.
Unloading 16 Unused Serialized files (Serialized files now loaded: 0)
System memory in use before: 34.1 MB.
System memory in use after: 33.6 MB.

Unloading 16 unused Assets to reduce memory usage. Loaded Objects now: 1208.
Total: 1.821800 ms (FindLiveObjects: 0.100600 ms CreateObjectMapping: 0.020700 ms MarkObjects: 1.438100 ms  DeleteObjects: 0.261200 ms)

========================================================================
Received Prepare
Registering precompiled user dll's ...
Registered in 0.001614 seconds.
Begin MonoManager ReloadAssembly
Native extension for WindowsStandalone target not found
Native extension for WebGL target not found
Refreshing native plugins compatible for Editor in 0.14 ms, found 0 plugins.
Preloading 0 native plugins for Editor in 0.00 ms.
Invoked RoslynAnalysisRunner static constructor.
RoslynAnalysisRunner will not be running.
RoslynAnalysisRunner has terminated.
Mono: successfully reloaded assembly
- Completed reload, in  0.721 seconds
Platform modules already initialized, skipping
Refreshing native plugins compatible for Editor in 0.13 ms, found 0 plugins.
Preloading 0 native plugins for Editor in 0.00 ms.
Unloading 755 Unused Serialized files (Serialized files now loaded: 0)
System memory in use before: 49.0 MB.
System memory in use after: 48.4 MB.

Unloading 18 unused Assets to reduce memory usage. Loaded Objects now: 1210.
Total: 1.525400 ms (FindLiveObjects: 0.092400 ms CreateObjectMapping: 0.020300 ms MarkObjects: 1.139200 ms  DeleteObjects: 0.272700 ms)

========================================================================
Received Prepare
Registering precompiled user dll's ...
Registered in 0.000586 seconds.
Begin MonoManager ReloadAssembly
Native extension for WindowsStandalone target not found
Native extension for WebGL target not found
Refreshing native plugins compatible for Editor in 0.14 ms, found 0 plugins.
Preloading 0 native plugins for Editor in 0.00 ms.
Invoked RoslynAnalysisRunner static constructor.
RoslynAnalysisRunner will not be running.
RoslynAnalysisRunner has terminated.
Mono: successfully reloaded assembly
- Completed reload, in  0.679 seconds
Platform modules already initialized, skipping
Refreshing native plugins compatible for Editor in 0.14 ms, found 0 plugins.
Preloading 0 native plugins for Editor in 0.00 ms.
Unloading 755 Unused Serialized files (Serialized files now loaded: 0)
System memory in use before: 49.0 MB.
System memory in use after: 48.4 MB.

Unloading 18 unused Assets to reduce memory usage. Loaded Objects now: 1212.
Total: 1.549000 ms (FindLiveObjects: 0.092000 ms CreateObjectMapping: 0.018200 ms MarkObjects: 1.168000 ms  DeleteObjects: 0.270000 ms)

========================================================================
Received Prepare
Registering precompiled user dll's ...
Registered in 0.000599 seconds.
Begin MonoManager ReloadAssembly
Native extension for WindowsStandalone target not found
Native extension for WebGL target not found
Refreshing native plugins compatible for Editor in 0.14 ms, found 0 plugins.
Preloading 0 native plugins for Editor in 0.00 ms.
Invoked RoslynAnalysisRunner static constructor.
RoslynAnalysisRunner will not be running.
RoslynAnalysisRunner has terminated.
Mono: successfully reloaded assembly
- Completed reload, in  0.701 seconds
Platform modules already initialized, skipping
Refreshing native plugins compatible for Editor in 0.14 ms, found 0 plugins.
Preloading 0 native plugins for Editor in 0.00 ms.
Unloading 755 Unused Serialized files (Serialized files now loaded: 0)
System memory in use before: 49.1 MB.
System memory in use after: 48.5 MB.

Unloading 18 unused Assets to reduce memory usage. Loaded Objects now: 1214.
Total: 1.673100 ms (FindLiveObjects: 0.087700 ms CreateObjectMapping: 0.020100 ms MarkObjects: 1.268000 ms  DeleteObjects: 0.296500 ms)

========================================================================
Received Prepare
Registering precompiled user dll's ...
Registered in 0.000577 seconds.
Begin MonoManager ReloadAssembly
Native extension for WindowsStandalone target not found
Native extension for WebGL target not found
Refreshing native plugins compatible for Editor in 0.14 ms, found 0 plugins.
Preloading 0 native plugins for Editor in 0.00 ms.
Invoked RoslynAnalysisRunner static constructor.
RoslynAnalysisRunner will not be running.
RoslynAnalysisRunner has terminated.
Mono: successfully reloaded assembly
- Completed reload, in  0.692 seconds
Platform modules already initialized, skipping
Refreshing native plugins compatible for Editor in 0.13 ms, found 0 plugins.
Preloading 0 native plugins for Editor in 0.00 ms.
Unloading 755 Unused Serialized files (Serialized files now loaded: 0)
System memory in use before: 49.2 MB.
System memory in use after: 48.6 MB.

Unloading 18 unused Assets to reduce memory usage. Loaded Objects now: 1216.
Total: 1.714400 ms (FindLiveObjects: 0.110400 ms CreateObjectMapping: 0.021100 ms MarkObjects: 1.302800 ms  DeleteObjects: 0.277800 ms)

========================================================================
Received Prepare
Registering precompiled user dll's ...
Registered in 0.000683 seconds.
Begin MonoManager ReloadAssembly
Native extension for WindowsStandalone target not found
Native extension for WebGL target not found
Refreshing native plugins compatible for Editor in 0.14 ms, found 0 plugins.
Preloading 0 native plugins for Editor in 0.00 ms.
Invoked RoslynAnalysisRunner static constructor.
RoslynAnalysisRunner will not be running.
RoslynAnalysisRunner has terminated.
Mono: successfully reloaded assembly
- Completed reload, in  0.703 seconds
Platform modules already initialized, skipping
Refreshing native plugins compatible for Editor in 0.13 ms, found 0 plugins.
Preloading 0 native plugins for Editor in 0.00 ms.
Unloading 755 Unused Serialized files (Serialized files now loaded: 0)
System memory in use before: 49.2 MB.
System memory in use after: 48.6 MB.

Unloading 18 unused Assets to reduce memory usage. Loaded Objects now: 1218.
Total: 1.550100 ms (FindLiveObjects: 0.093700 ms CreateObjectMapping: 0.018400 ms MarkObjects: 1.159800 ms  DeleteObjects: 0.277300 ms)

AssetImportWorkerClient::OnTransportError - code=2 error=End of file
